  [4;36;1mSQL (0.1ms)[0m   [0;1mSET NAMES 'utf8'[0m
  [4;35;1mSQL (0.1ms)[0m   [0mSET SQL_AUTO_IS_NULL=0[0m
  [4;36;1mSQL (0.3ms)[0m   [0;1mSHOW TABLES[0m
  [4;35;1mSQL (0.2ms)[0m   [0mSHOW TABLES[0m
  [4;36;1mSQL (0.1ms)[0m   [0;1mSET NAMES 'utf8'[0m
  [4;35;1mSQL (0.1ms)[0m   [0mSET SQL_AUTO_IS_NULL=0[0m
  [4;36;1mSQL (0.3ms)[0m   [0;1mSHOW TABLES[0m
  [4;35;1mSQL (156.5ms)[0m   [0mCREATE TABLE `schema_migrations` (`version` varchar(255) NOT NULL) ENGINE=InnoDB[0m
  [4;36;1mSQL (1.1ms)[0m   [0;1mSHOW KEYS FROM `schema_migrations`[0m
  [4;35;1mSQL (231.3ms)[0m   [0mCREATE UNIQUE INDEX `unique_schema_migrations` ON `schema_migrations` (`version`)[0m
  [4;36;1mSQL (0.4ms)[0m   [0;1mSHOW TABLES[0m
  [4;35;1mSQL (0.3ms)[0m   [0mSELECT version FROM schema_migrations[0m
Migrating to ClearanceCreateUsers (20101015191241)
  [4;36;1mSQL (89.6ms)[0m   [0;1mCREATE TABLE `users` (`id` int(11) DEFAULT NULL auto_increment PRIMARY KEY, `email` varchar(255), `encrypted_password` varchar(128), `salt` varchar(128), `confirmation_token` varchar(128), `remember_token` varchar(128), `email_confirmed` tinyint(1) DEFAULT 0 NOT NULL, `created_at` datetime, `updated_at` datetime) ENGINE=InnoDB[0m
  [4;35;1mSQL (1.0ms)[0m   [0mSHOW KEYS FROM `users`[0m
  [4;36;1mSQL (123.7ms)[0m   [0;1mCREATE INDEX `index_users_on_id_and_confirmation_token` ON `users` (`id`, `confirmation_token`)[0m
  [4;35;1mSQL (0.5ms)[0m   [0mSHOW KEYS FROM `users`[0m
  [4;36;1mSQL (113.1ms)[0m   [0;1mCREATE INDEX `index_users_on_email` ON `users` (`email`)[0m
  [4;35;1mSQL (0.5ms)[0m   [0mSHOW KEYS FROM `users`[0m
  [4;36;1mSQL (140.6ms)[0m   [0;1mCREATE INDEX `index_users_on_remember_token` ON `users` (`remember_token`)[0m
  [4;35;1mSQL (0.7ms)[0m   [0mINSERT INTO schema_migrations (version) VALUES ('20101015191241')[0m
  [4;36;1mSQL (0.4ms)[0m   [0;1mSHOW TABLES[0m
  [4;35;1mSQL (0.2ms)[0m   [0mSELECT version FROM schema_migrations[0m
  [4;36;1mSQL (0.2ms)[0m   [0;1mSHOW TABLES[0m
  [4;35;1mSQL (3.0ms)[0m   [0mSHOW FIELDS FROM `users`[0m
  [4;36;1mSQL (1.2ms)[0m   [0;1mdescribe `users`[0m
  [4;35;1mSQL (1.1ms)[0m   [0mSHOW KEYS FROM `users`[0m
  [4;36;1mSQL (0.1ms)[0m   [0;1mSET NAMES 'utf8'[0m
  [4;35;1mSQL (0.1ms)[0m   [0mSET SQL_AUTO_IS_NULL=0[0m
  [4;36;1mSQL (0.3ms)[0m   [0;1mSHOW TABLES[0m
  [4;35;1mSQL (0.2ms)[0m   [0mSELECT version FROM schema_migrations[0m
  [4;36;1mSQL (0.1ms)[0m   [0;1mSET NAMES 'utf8'[0m
  [4;35;1mSQL (0.1ms)[0m   [0mSET SQL_AUTO_IS_NULL=0[0m
  [4;36;1mSQL (0.6ms)[0m   [0;1mDROP DATABASE IF EXISTS `rails_app_test`[0m
  [4;35;1mSQL (0.3ms)[0m   [0mCREATE DATABASE `rails_app_test` DEFAULT CHARACTER SET `utf8`[0m
  [4;36;1mSQL (0.1ms)[0m   [0;1mSET NAMES 'utf8'[0m
  [4;35;1mSQL (0.1ms)[0m   [0mSET SQL_AUTO_IS_NULL=0[0m
  [4;36;1mSQL (0.3ms)[0m   [0;1mSHOW TABLES[0m
  [4;35;1mSQL (85.6ms)[0m   [0mCREATE TABLE `users` (`id` int(11) DEFAULT NULL auto_increment PRIMARY KEY, `email` varchar(255), `encrypted_password` varchar(128), `salt` varchar(128), `confirmation_token` varchar(128), `remember_token` varchar(128), `email_confirmed` tinyint(1) DEFAULT 0 NOT NULL, `created_at` datetime, `updated_at` datetime) ENGINE=InnoDB[0m
  [4;36;1mSQL (0.8ms)[0m   [0;1mSHOW KEYS FROM `users`[0m
  [4;35;1mSQL (140.9ms)[0m   [0mCREATE INDEX `index_users_on_email` ON `users` (`email`)[0m
  [4;36;1mSQL (0.4ms)[0m   [0;1mSHOW KEYS FROM `users`[0m
  [4;35;1mSQL (103.6ms)[0m   [0mCREATE INDEX `index_users_on_id_and_confirmation_token` ON `users` (`id`, `confirmation_token`)[0m
  [4;36;1mSQL (0.5ms)[0m   [0;1mSHOW KEYS FROM `users`[0m
  [4;35;1mSQL (95.7ms)[0m   [0mCREATE INDEX `index_users_on_remember_token` ON `users` (`remember_token`)[0m
  [4;36;1mSQL (0.3ms)[0m   [0;1mSHOW TABLES[0m
  [4;35;1mSQL (99.0ms)[0m   [0mCREATE TABLE `schema_migrations` (`version` varchar(255) NOT NULL) ENGINE=InnoDB[0m
  [4;36;1mSQL (0.6ms)[0m   [0;1mSHOW KEYS FROM `schema_migrations`[0m
  [4;35;1mSQL (159.3ms)[0m   [0mCREATE UNIQUE INDEX `unique_schema_migrations` ON `schema_migrations` (`version`)[0m
  [4;36;1mSQL (0.3ms)[0m   [0;1mSHOW TABLES[0m
  [4;35;1mSQL (0.3ms)[0m   [0mSELECT version FROM `schema_migrations`[0m
  [4;36;1mSQL (0.4ms)[0m   [0;1mINSERT INTO `schema_migrations` (version) VALUES ('20101015191241')[0m
  [4;36;1mSQL (0.1ms)[0m   [0;1mSET NAMES 'utf8'[0m
  [4;35;1mSQL (0.1ms)[0m   [0mSET SQL_AUTO_IS_NULL=0[0m
  [4;36;1mSQL (0.3ms)[0m   [0;1mSHOW TABLES[0m
  [4;35;1mSQL (0.2ms)[0m   [0mSELECT version FROM schema_migrations[0m
  [4;36;1mSQL (0.1ms)[0m   [0;1mSET NAMES 'utf8'[0m
  [4;35;1mSQL (0.1ms)[0m   [0mSET SQL_AUTO_IS_NULL=0[0m
  [4;36;1mSQL (53.4ms)[0m   [0;1mDROP DATABASE IF EXISTS `rails_app_test`[0m
  [4;35;1mSQL (0.3ms)[0m   [0mCREATE DATABASE `rails_app_test` DEFAULT CHARACTER SET `utf8`[0m
  [4;36;1mSQL (0.1ms)[0m   [0;1mSET NAMES 'utf8'[0m
  [4;35;1mSQL (0.1ms)[0m   [0mSET SQL_AUTO_IS_NULL=0[0m
  [4;36;1mSQL (0.3ms)[0m   [0;1mSHOW TABLES[0m
  [4;35;1mSQL (100.7ms)[0m   [0mCREATE TABLE `users` (`id` int(11) DEFAULT NULL auto_increment PRIMARY KEY, `email` varchar(255), `encrypted_password` varchar(128), `salt` varchar(128), `confirmation_token` varchar(128), `remember_token` varchar(128), `email_confirmed` tinyint(1) DEFAULT 0 NOT NULL, `created_at` datetime, `updated_at` datetime) ENGINE=InnoDB[0m
  [4;36;1mSQL (0.4ms)[0m   [0;1mSHOW KEYS FROM `users`[0m
  [4;35;1mSQL (245.0ms)[0m   [0mCREATE INDEX `index_users_on_email` ON `users` (`email`)[0m
  [4;36;1mSQL (0.4ms)[0m   [0;1mSHOW KEYS FROM `users`[0m
  [4;35;1mSQL (95.2ms)[0m   [0mCREATE INDEX `index_users_on_id_and_confirmation_token` ON `users` (`id`, `confirmation_token`)[0m
  [4;36;1mSQL (0.4ms)[0m   [0;1mSHOW KEYS FROM `users`[0m
  [4;35;1mSQL (82.7ms)[0m   [0mCREATE INDEX `index_users_on_remember_token` ON `users` (`remember_token`)[0m
  [4;36;1mSQL (0.3ms)[0m   [0;1mSHOW TABLES[0m
  [4;35;1mSQL (74.4ms)[0m   [0mCREATE TABLE `schema_migrations` (`version` varchar(255) NOT NULL) ENGINE=InnoDB[0m
  [4;36;1mSQL (0.4ms)[0m   [0;1mSHOW KEYS FROM `schema_migrations`[0m
  [4;35;1mSQL (79.7ms)[0m   [0mCREATE UNIQUE INDEX `unique_schema_migrations` ON `schema_migrations` (`version`)[0m
  [4;36;1mSQL (3.9ms)[0m   [0;1mSHOW TABLES[0m
  [4;35;1mSQL (0.4ms)[0m   [0mSELECT version FROM `schema_migrations`[0m
  [4;36;1mSQL (0.4ms)[0m   [0;1mINSERT INTO `schema_migrations` (version) VALUES ('20101015191241')[0m
  [4;36;1mSQL (0.1ms)[0m   [0;1mSET NAMES 'utf8'[0m
  [4;35;1mSQL (0.1ms)[0m   [0mSET SQL_AUTO_IS_NULL=0[0m


Processing Clearance::UsersController#new (for 127.0.0.1 at 2010-10-15 14:24:09) [GET]
  Parameters: {"action"=>"new", "controller"=>"clearance/users"}
  [4;36;1mUser Columns (14.9ms)[0m   [0;1mSHOW FIELDS FROM `users`[0m
Rendering template within layouts/application
Rendering users/new
Rendered users/_form (9.9ms)
Completed in 191ms (View: 163, DB: 15) | 200 OK [http://localhost/sign_up]
  [4;35;1mSQL (0.1ms)[0m   [0mSET NAMES 'utf8'[0m
  [4;36;1mSQL (0.1ms)[0m   [0;1mSET SQL_AUTO_IS_NULL=0[0m


Processing Clearance::SessionsController#new (for 127.0.0.1 at 2010-10-15 14:24:13) [GET]
  Parameters: {"action"=>"new", "controller"=>"clearance/sessions"}
Rendering template within layouts/application
Rendering sessions/new
Completed in 27ms (View: 22, DB: 0) | 200 OK [http://localhost/sign_in]
